<?xml version="1.0" encoding="UTF-8"?>
<testsuite name="com.citizen.book.springboot.HelloControllerTest" tests="2" skipped="0" failures="0" errors="0" timestamp="2021-07-12T00:52:42" hostname="DESKTOP-UU0IAP8" time="0.147">
  <properties/>
  <testcase name="hello가_리턴된다" classname="com.citizen.book.springboot.HelloControllerTest" time="0.072"/>
  <testcase name="helloDto가_리턴된다" classname="com.citizen.book.springboot.HelloControllerTest" time="0.074"/>
  <system-out><![CDATA[2021-07-12 09:52:41.346  INFO 1136 --- [    Test worker] .b.t.a.w.s.WebMvcTestContextBootstrapper : Neither @ContextConfiguration nor @ContextHierarchy found for test class [com.citizen.book.springboot.HelloControllerTest], using SpringBootContextLoader
2021-07-12 09:52:41.348  INFO 1136 --- [    Test worker] o.s.t.c.support.AbstractContextLoader    : Could not detect default resource locations for test class [com.citizen.book.springboot.HelloControllerTest]: no resource found for suffixes {-context.xml, Context.groovy}.
2021-07-12 09:52:41.348  INFO 1136 --- [    Test worker] t.c.s.AnnotationConfigContextLoaderUtils : Could not detect default configuration classes for test class [com.citizen.book.springboot.HelloControllerTest]: HelloControllerTest does not declare any static, non-private, non-final, nested classes annotated with @Configuration.
2021-07-12 09:52:41.369  INFO 1136 --- [    Test worker] .b.t.c.SpringBootTestContextBootstrapper : Found @SpringBootConfiguration com.citizen.book.springboot.Application for test class com.citizen.book.springboot.HelloControllerTest
2021-07-12 09:52:41.369  INFO 1136 --- [    Test worker] .b.t.a.w.s.WebMvcTestContextBootstrapper : Loaded default TestExecutionListener class names from location [META-INF/spring.factories]: [org.springframework.security.test.context.support.WithSecurityContextTestExecutionListener, org.springframework.security.test.context.support.ReactorContextTestExecutionListener, org.springframework.boot.test.autoconfigure.restdocs.RestDocsTestExecutionListener, org.springframework.boot.test.autoconfigure.web.client.MockRestServiceServerResetTestExecutionListener, org.springframework.boot.test.autoconfigure.web.servlet.MockMvcPrintOnlyOnFailureTestExecutionListener, org.springframework.boot.test.autoconfigure.web.servlet.WebDriverTestExecutionListener, org.springframework.boot.test.mock.mockito.MockitoTestExecutionListener, org.springframework.boot.test.mock.mockito.ResetMocksTestExecutionListener, org.springframework.test.context.web.ServletTestExecutionListener, org.springframework.test.context.support.DirtiesContextBeforeModesTestExecutionListener, org.springframework.test.context.support.DependencyInjectionTestExecutionListener, org.springframework.test.context.support.DirtiesContextTestExecutionListener, org.springframework.test.context.transaction.TransactionalTestExecutionListener, org.springframework.test.context.jdbc.SqlScriptsTestExecutionListener]
2021-07-12 09:52:41.370  INFO 1136 --- [    Test worker] .b.t.a.w.s.WebMvcTestContextBootstrapper : Using TestExecutionListeners: [org.springframework.test.context.web.ServletTestExecutionListener@69812795, org.springframework.test.context.support.DirtiesContextBeforeModesTestExecutionListener@28738ad7, org.springframework.boot.test.mock.mockito.MockitoTestExecutionListener@b68e5ea, org.springframework.boot.test.autoconfigure.SpringBootDependencyInjectionTestExecutionListener@ea4f2f7, org.springframework.test.context.support.DirtiesContextTestExecutionListener@6ef9d139, org.springframework.test.context.transaction.TransactionalTestExecutionListener@5a68cb03, org.springframework.test.context.jdbc.SqlScriptsTestExecutionListener@16e32211, org.springframework.security.test.context.support.WithSecurityContextTestExecutionListener@3f795970, org.springframework.security.test.context.support.ReactorContextTestExecutionListener@1fa927bf, org.springframework.boot.test.autoconfigure.restdocs.RestDocsTestExecutionListener@305c79a, org.springframework.boot.test.autoconfigure.web.client.MockRestServiceServerResetTestExecutionListener@cf98e41, org.springframework.boot.test.autoconfigure.web.servlet.MockMvcPrintOnlyOnFailureTestExecutionListener@793ef477, org.springframework.boot.test.autoconfigure.web.servlet.WebDriverTestExecutionListener@2ffca030, org.springframework.boot.test.mock.mockito.ResetMocksTestExecutionListener@2689b42]

  .   ____          _            __ _ _
 /\\ / ___'_ __ _ _(_)_ __  __ _ \ \ \ \
( ( )\___ | '_ | '_| | '_ \/ _` | \ \ \ \
 \\/  ___)| |_)| | | | | || (_| |  ) ) ) )
  '  |____| .__|_| |_|_| |_\__, | / / / /
 =========|_|==============|___/=/_/_/_/
 :: Spring Boot ::        (v2.1.9.RELEASE)

2021-07-12 09:52:41.408  INFO 1136 --- [    Test worker] c.c.book.springboot.HelloControllerTest  : Starting HelloControllerTest on DESKTOP-UU0IAP8 with PID 1136 (started by HEO in D:\private\Study\side-project\springboot-aws-project)
2021-07-12 09:52:41.409  INFO 1136 --- [    Test worker] c.c.book.springboot.HelloControllerTest  : The following profiles are active: oauth
2021-07-12 09:52:41.833  INFO 1136 --- [    Test worker] o.s.s.concurrent.ThreadPoolTaskExecutor  : Initializing ExecutorService 'applicationTaskExecutor'
2021-07-12 09:52:41.869  INFO 1136 --- [    Test worker] o.s.b.a.w.s.WelcomePageHandlerMapping    : Adding welcome page template: index
2021-07-12 09:52:42.055  INFO 1136 --- [    Test worker] .s.s.UserDetailsServiceAutoConfiguration : 

Using generated security password: ece2cba3-bb87-4c5e-bdfc-2956fb99d7f7

2021-07-12 09:52:42.169  INFO 1136 --- [    Test worker] o.s.s.web.DefaultSecurityFilterChain     : Creating filter chain: any request, [org.springframework.security.web.context.request.async.WebAsyncManagerIntegrationFilter@776ec44a, org.springframework.security.web.context.SecurityContextPersistenceFilter@2a53c05, org.springframework.security.web.header.HeaderWriterFilter@232a19ee, org.springframework.security.web.csrf.CsrfFilter@21e16e31, org.springframework.security.web.authentication.logout.LogoutFilter@12e4c01f, org.springframework.security.web.authentication.UsernamePasswordAuthenticationFilter@46e3be5c, org.springframework.security.web.authentication.ui.DefaultLoginPageGeneratingFilter@7eb83976, org.springframework.security.web.authentication.ui.DefaultLogoutPageGeneratingFilter@5c7f3951, org.springframework.security.web.authentication.www.BasicAuthenticationFilter@49fd6cfb, org.springframework.security.web.savedrequest.RequestCacheAwareFilter@7ee7a54, org.springframework.security.web.servletapi.SecurityContextHolderAwareRequestFilter@74f8e62e, org.springframework.security.web.authentication.AnonymousAuthenticationFilter@7e471c91, org.springframework.security.web.session.SessionManagementFilter@9907b5c, org.springframework.security.web.access.ExceptionTranslationFilter@72cef01d, org.springframework.security.web.access.intercept.FilterSecurityInterceptor@2ae21e74]
2021-07-12 09:52:42.203  INFO 1136 --- [    Test worker] o.s.b.t.m.w.SpringBootMockServletContext : Initializing Spring TestDispatcherServlet ''
2021-07-12 09:52:42.203  INFO 1136 --- [    Test worker] o.s.t.web.servlet.TestDispatcherServlet  : Initializing Servlet ''
2021-07-12 09:52:42.215  INFO 1136 --- [    Test worker] o.s.t.web.servlet.TestDispatcherServlet  : Completed initialization in 12 ms
2021-07-12 09:52:42.248  INFO 1136 --- [    Test worker] c.c.book.springboot.HelloControllerTest  : Started HelloControllerTest in 0.876 seconds (JVM running for 9.085)
]]></system-out>
  <system-err><![CDATA[]]></system-err>
</testsuite>
