<?xml version="1.0" encoding="UTF-8"?>
<testsuite name="com.citizen.book.springboot.web.IndexControllerTest" tests="1" skipped="0" failures="0" errors="0" timestamp="2021-07-12T00:52:44" hostname="DESKTOP-UU0IAP8" time="0.19">
  <properties/>
  <testcase name="메인페이지_로딩" classname="com.citizen.book.springboot.web.IndexControllerTest" time="0.19"/>
  <system-out><![CDATA[2021-07-12 09:52:42.407  INFO 1136 --- [    Test worker] .b.t.c.SpringBootTestContextBootstrapper : Neither @ContextConfiguration nor @ContextHierarchy found for test class [com.citizen.book.springboot.web.IndexControllerTest], using SpringBootContextLoader
2021-07-12 09:52:42.408  INFO 1136 --- [    Test worker] o.s.t.c.support.AbstractContextLoader    : Could not detect default resource locations for test class [com.citizen.book.springboot.web.IndexControllerTest]: no resource found for suffixes {-context.xml, Context.groovy}.
2021-07-12 09:52:42.408  INFO 1136 --- [    Test worker] t.c.s.AnnotationConfigContextLoaderUtils : Could not detect default configuration classes for test class [com.citizen.book.springboot.web.IndexControllerTest]: IndexControllerTest does not declare any static, non-private, non-final, nested classes annotated with @Configuration.
2021-07-12 09:52:42.420  INFO 1136 --- [    Test worker] .b.t.c.SpringBootTestContextBootstrapper : Found @SpringBootConfiguration com.citizen.book.springboot.Application for test class com.citizen.book.springboot.web.IndexControllerTest
2021-07-12 09:52:42.421  INFO 1136 --- [    Test worker] .b.t.c.SpringBootTestContextBootstrapper : Loaded default TestExecutionListener class names from location [META-INF/spring.factories]: [org.springframework.security.test.context.support.WithSecurityContextTestExecutionListener, org.springframework.security.test.context.support.ReactorContextTestExecutionListener, org.springframework.boot.test.autoconfigure.restdocs.RestDocsTestExecutionListener, org.springframework.boot.test.autoconfigure.web.client.MockRestServiceServerResetTestExecutionListener, org.springframework.boot.test.autoconfigure.web.servlet.MockMvcPrintOnlyOnFailureTestExecutionListener, org.springframework.boot.test.autoconfigure.web.servlet.WebDriverTestExecutionListener, org.springframework.boot.test.mock.mockito.MockitoTestExecutionListener, org.springframework.boot.test.mock.mockito.ResetMocksTestExecutionListener, org.springframework.test.context.web.ServletTestExecutionListener, org.springframework.test.context.support.DirtiesContextBeforeModesTestExecutionListener, org.springframework.test.context.support.DependencyInjectionTestExecutionListener, org.springframework.test.context.support.DirtiesContextTestExecutionListener, org.springframework.test.context.transaction.TransactionalTestExecutionListener, org.springframework.test.context.jdbc.SqlScriptsTestExecutionListener]
2021-07-12 09:52:42.422  INFO 1136 --- [    Test worker] .b.t.c.SpringBootTestContextBootstrapper : Using TestExecutionListeners: [org.springframework.test.context.web.ServletTestExecutionListener@66d76147, org.springframework.test.context.support.DirtiesContextBeforeModesTestExecutionListener@1e31ba61, org.springframework.boot.test.mock.mockito.MockitoTestExecutionListener@6c3c28f9, org.springframework.boot.test.autoconfigure.SpringBootDependencyInjectionTestExecutionListener@64a3bfb3, org.springframework.test.context.support.DirtiesContextTestExecutionListener@39a33739, org.springframework.test.context.transaction.TransactionalTestExecutionListener@2a5270de, org.springframework.test.context.jdbc.SqlScriptsTestExecutionListener@2724fe8d, org.springframework.security.test.context.support.WithSecurityContextTestExecutionListener@5e0393fd, org.springframework.security.test.context.support.ReactorContextTestExecutionListener@7eb96dfb, org.springframework.boot.test.autoconfigure.restdocs.RestDocsTestExecutionListener@47543672, org.springframework.boot.test.autoconfigure.web.client.MockRestServiceServerResetTestExecutionListener@47047883, org.springframework.boot.test.autoconfigure.web.servlet.MockMvcPrintOnlyOnFailureTestExecutionListener@55a87e5, org.springframework.boot.test.autoconfigure.web.servlet.WebDriverTestExecutionListener@3039e400, org.springframework.boot.test.mock.mockito.ResetMocksTestExecutionListener@5638b3d3]

  .   ____          _            __ _ _
 /\\ / ___'_ __ _ _(_)_ __  __ _ \ \ \ \
( ( )\___ | '_ | '_| | '_ \/ _` | \ \ \ \
 \\/  ___)| |_)| | | | | || (_| |  ) ) ) )
  '  |____| .__|_| |_|_| |_\__, | / / / /
 =========|_|==============|___/=/_/_/_/
 :: Spring Boot ::        (v2.1.9.RELEASE)

2021-07-12 09:52:42.472  INFO 1136 --- [    Test worker] c.c.b.s.web.IndexControllerTest          : Starting IndexControllerTest on DESKTOP-UU0IAP8 with PID 1136 (started by HEO in D:\private\Study\side-project\springboot-aws-project)
2021-07-12 09:52:42.472  INFO 1136 --- [    Test worker] c.c.b.s.web.IndexControllerTest          : The following profiles are active: oauth
2021-07-12 09:52:42.664  INFO 1136 --- [    Test worker] .s.d.r.c.RepositoryConfigurationDelegate : Bootstrapping Spring Data repositories in DEFAULT mode.
2021-07-12 09:52:42.682  INFO 1136 --- [    Test worker] .s.d.r.c.RepositoryConfigurationDelegate : Finished Spring Data repository scanning in 18ms. Found 2 repository interfaces.
2021-07-12 09:52:42.780  INFO 1136 --- [    Test worker] trationDelegate$BeanPostProcessorChecker : Bean 'org.springframework.transaction.annotation.ProxyTransactionManagementConfiguration' of type [org.springframework.transaction.annotation.ProxyTransactionManagementConfiguration$$EnhancerBySpringCGLIB$$ffe4351] is not eligible for getting processed by all BeanPostProcessors (for example: not eligible for auto-proxying)
2021-07-12 09:52:43.021  INFO 1136 --- [    Test worker] o.s.b.w.embedded.tomcat.TomcatWebServer  : Tomcat initialized with port(s): 0 (http)
2021-07-12 09:52:43.051  INFO 1136 --- [    Test worker] o.apache.catalina.core.StandardService   : Starting service [Tomcat]
2021-07-12 09:52:43.051  INFO 1136 --- [    Test worker] org.apache.catalina.core.StandardEngine  : Starting Servlet engine: [Apache Tomcat/9.0.26]
2021-07-12 09:52:43.248  INFO 1136 --- [    Test worker] o.a.c.c.C.[Tomcat].[localhost].[/]       : Initializing Spring embedded WebApplicationContext
2021-07-12 09:52:43.248  INFO 1136 --- [    Test worker] o.s.web.context.ContextLoader            : Root WebApplicationContext: initialization completed in 773 ms
2021-07-12 09:52:43.458  INFO 1136 --- [    Test worker] com.zaxxer.hikari.HikariDataSource       : HikariPool-2 - Starting...
2021-07-12 09:52:43.459  INFO 1136 --- [    Test worker] com.zaxxer.hikari.HikariDataSource       : HikariPool-2 - Start completed.
2021-07-12 09:52:43.492  INFO 1136 --- [    Test worker] o.hibernate.jpa.internal.util.LogHelper  : HHH000204: Processing PersistenceUnitInfo [
	name: default
	...]
2021-07-12 09:52:43.503  INFO 1136 --- [    Test worker] org.hibernate.dialect.Dialect            : HHH000400: Using dialect: org.hibernate.dialect.MySQL5InnoDBDialect
Hibernate: drop table if exists posts
Hibernate: drop table if exists user
Hibernate: create table posts (id bigint not null auto_increment, created_date datetime, modified_date datetime, author varchar(255), content TEXT not null, title varchar(500) not null, primary key (id)) engine=InnoDB
Hibernate: create table user (id bigint not null auto_increment, created_date datetime, modified_date datetime, email varchar(255) not null, name varchar(255) not null, picture varchar(255), role varchar(255) not null, primary key (id)) engine=InnoDB
2021-07-12 09:52:43.553  INFO 1136 --- [    Test worker] o.h.t.schema.internal.SchemaCreatorImpl  : HHH000476: Executing import script 'org.hibernate.tool.schema.internal.exec.ScriptSourceInputNonExistentImpl@1c6e26aa'
2021-07-12 09:52:43.553  INFO 1136 --- [    Test worker] j.LocalContainerEntityManagerFactoryBean : Initialized JPA EntityManagerFactory for persistence unit 'default'
2021-07-12 09:52:43.943  INFO 1136 --- [    Test worker] o.h.h.i.QueryTranslatorFactoryInitiator  : HHH000397: Using ASTQueryTranslatorFactory
2021-07-12 09:52:44.086  INFO 1136 --- [    Test worker] o.s.s.web.DefaultSecurityFilterChain     : Creating filter chain: any request, [org.springframework.security.web.context.request.async.WebAsyncManagerIntegrationFilter@849ff0, org.springframework.security.web.context.SecurityContextPersistenceFilter@41a459c6, org.springframework.security.web.header.HeaderWriterFilter@243cafb9, org.springframework.security.web.authentication.logout.LogoutFilter@2e6ca95d, org.springframework.security.oauth2.client.web.OAuth2AuthorizationRequestRedirectFilter@3b13e2b7, org.springframework.security.oauth2.client.web.OAuth2LoginAuthenticationFilter@52465abd, org.springframework.security.web.authentication.ui.DefaultLoginPageGeneratingFilter@4de5a34e, org.springframework.security.web.authentication.ui.DefaultLogoutPageGeneratingFilter@55bd6df1, org.springframework.security.web.savedrequest.RequestCacheAwareFilter@6dc2902d, org.springframework.security.web.servletapi.SecurityContextHolderAwareRequestFilter@2c42bb4b, org.springframework.security.web.authentication.AnonymousAuthenticationFilter@719f3bab, org.springframework.security.web.session.SessionManagementFilter@22987bc6, org.springframework.security.web.access.ExceptionTranslationFilter@d143bc4, org.springframework.security.web.access.intercept.FilterSecurityInterceptor@1258e68f]
2021-07-12 09:52:44.285  INFO 1136 --- [    Test worker] o.s.s.concurrent.ThreadPoolTaskExecutor  : Initializing ExecutorService 'applicationTaskExecutor'
2021-07-12 09:52:44.300  WARN 1136 --- [    Test worker] aWebConfiguration$JpaWebMvcConfiguration : spring.jpa.open-in-view is enabled by default. Therefore, database queries may be performed during view rendering. Explicitly configure spring.jpa.open-in-view to disable this warning
2021-07-12 09:52:44.331  INFO 1136 --- [    Test worker] o.s.b.a.w.s.WelcomePageHandlerMapping    : Adding welcome page template: index
2021-07-12 09:52:44.657  INFO 1136 --- [    Test worker] s.a.ScheduledAnnotationBeanPostProcessor : No TaskScheduler/ScheduledExecutorService bean found for scheduled processing
2021-07-12 09:52:44.677  INFO 1136 --- [    Test worker] o.s.b.w.embedded.tomcat.TomcatWebServer  : Tomcat started on port(s): 64368 (http) with context path ''
2021-07-12 09:52:44.678  INFO 1136 --- [    Test worker] c.c.b.s.web.IndexControllerTest          : Started IndexControllerTest in 2.254 seconds (JVM running for 11.516)
2021-07-12 09:52:44.768  INFO 1136 --- [o-auto-1-exec-1] o.a.c.c.C.[Tomcat].[localhost].[/]       : Initializing Spring DispatcherServlet 'dispatcherServlet'
2021-07-12 09:52:44.769  INFO 1136 --- [o-auto-1-exec-1] o.s.web.servlet.DispatcherServlet        : Initializing Servlet 'dispatcherServlet'
2021-07-12 09:52:44.793  INFO 1136 --- [o-auto-1-exec-1] o.s.web.servlet.DispatcherServlet        : Completed initialization in 24 ms
Hibernate: select posts0_.id as id1_0_, posts0_.created_date as created_2_0_, posts0_.modified_date as modified3_0_, posts0_.author as author4_0_, posts0_.content as content5_0_, posts0_.title as title6_0_ from posts posts0_ order by posts0_.id DESC
]]></system-out>
  <system-err><![CDATA[]]></system-err>
</testsuite>
