<?xml version="1.0" encoding="UTF-8"?>
<testsuite name="com.citizen.book.springboot.web.IndexControllerTest" tests="1" skipped="0" failures="0" errors="0" timestamp="2021-07-12T01:10:33" hostname="DESKTOP-UU0IAP8" time="0.198">
  <properties/>
  <testcase name="메인페이지_로딩" classname="com.citizen.book.springboot.web.IndexControllerTest" time="0.198"/>
  <system-out><![CDATA[2021-07-12 10:10:31.808  INFO 30884 --- [    Test worker] .b.t.c.SpringBootTestContextBootstrapper : Neither @ContextConfiguration nor @ContextHierarchy found for test class [com.citizen.book.springboot.web.IndexControllerTest], using SpringBootContextLoader
2021-07-12 10:10:31.809  INFO 30884 --- [    Test worker] o.s.t.c.support.AbstractContextLoader    : Could not detect default resource locations for test class [com.citizen.book.springboot.web.IndexControllerTest]: no resource found for suffixes {-context.xml, Context.groovy}.
2021-07-12 10:10:31.809  INFO 30884 --- [    Test worker] t.c.s.AnnotationConfigContextLoaderUtils : Could not detect default configuration classes for test class [com.citizen.book.springboot.web.IndexControllerTest]: IndexControllerTest does not declare any static, non-private, non-final, nested classes annotated with @Configuration.
2021-07-12 10:10:31.818  INFO 30884 --- [    Test worker] .b.t.c.SpringBootTestContextBootstrapper : Found @SpringBootConfiguration com.citizen.book.springboot.Application for test class com.citizen.book.springboot.web.IndexControllerTest
2021-07-12 10:10:31.819  INFO 30884 --- [    Test worker] .b.t.c.SpringBootTestContextBootstrapper : Loaded default TestExecutionListener class names from location [META-INF/spring.factories]: [org.springframework.security.test.context.support.WithSecurityContextTestExecutionListener, org.springframework.security.test.context.support.ReactorContextTestExecutionListener, org.springframework.boot.test.autoconfigure.restdocs.RestDocsTestExecutionListener, org.springframework.boot.test.autoconfigure.web.client.MockRestServiceServerResetTestExecutionListener, org.springframework.boot.test.autoconfigure.web.servlet.MockMvcPrintOnlyOnFailureTestExecutionListener, org.springframework.boot.test.autoconfigure.web.servlet.WebDriverTestExecutionListener, org.springframework.boot.test.mock.mockito.MockitoTestExecutionListener, org.springframework.boot.test.mock.mockito.ResetMocksTestExecutionListener, org.springframework.test.context.web.ServletTestExecutionListener, org.springframework.test.context.support.DirtiesContextBeforeModesTestExecutionListener, org.springframework.test.context.support.DependencyInjectionTestExecutionListener, org.springframework.test.context.support.DirtiesContextTestExecutionListener, org.springframework.test.context.transaction.TransactionalTestExecutionListener, org.springframework.test.context.jdbc.SqlScriptsTestExecutionListener]
2021-07-12 10:10:31.819  INFO 30884 --- [    Test worker] .b.t.c.SpringBootTestContextBootstrapper : Using TestExecutionListeners: [org.springframework.test.context.web.ServletTestExecutionListener@58595f99, org.springframework.test.context.support.DirtiesContextBeforeModesTestExecutionListener@1fb724ed, org.springframework.boot.test.mock.mockito.MockitoTestExecutionListener@27879edd, org.springframework.boot.test.autoconfigure.SpringBootDependencyInjectionTestExecutionListener@33411d5c, org.springframework.test.context.support.DirtiesContextTestExecutionListener@21f6293a, org.springframework.test.context.transaction.TransactionalTestExecutionListener@740f1a5, org.springframework.test.context.jdbc.SqlScriptsTestExecutionListener@1c2af6e6, org.springframework.security.test.context.support.WithSecurityContextTestExecutionListener@27baa3c2, org.springframework.security.test.context.support.ReactorContextTestExecutionListener@3795e1f6, org.springframework.boot.test.autoconfigure.restdocs.RestDocsTestExecutionListener@3758e378, org.springframework.boot.test.autoconfigure.web.client.MockRestServiceServerResetTestExecutionListener@7c8eaeb3, org.springframework.boot.test.autoconfigure.web.servlet.MockMvcPrintOnlyOnFailureTestExecutionListener@ed8a653, org.springframework.boot.test.autoconfigure.web.servlet.WebDriverTestExecutionListener@165a6c2f, org.springframework.boot.test.mock.mockito.ResetMocksTestExecutionListener@66690ebf]

  .   ____          _            __ _ _
 /\\ / ___'_ __ _ _(_)_ __  __ _ \ \ \ \
( ( )\___ | '_ | '_| | '_ \/ _` | \ \ \ \
 \\/  ___)| |_)| | | | | || (_| |  ) ) ) )
  '  |____| .__|_| |_|_| |_\__, | / / / /
 =========|_|==============|___/=/_/_/_/
 :: Spring Boot ::        (v2.1.9.RELEASE)

2021-07-12 10:10:31.862  INFO 30884 --- [    Test worker] c.c.b.s.web.IndexControllerTest          : Starting IndexControllerTest on DESKTOP-UU0IAP8 with PID 30884 (started by HEO in D:\private\Study\side-project\springboot-aws-project)
2021-07-12 10:10:31.862  INFO 30884 --- [    Test worker] c.c.b.s.web.IndexControllerTest          : The following profiles are active: oauth
2021-07-12 10:10:32.067  INFO 30884 --- [    Test worker] .s.d.r.c.RepositoryConfigurationDelegate : Bootstrapping Spring Data repositories in DEFAULT mode.
2021-07-12 10:10:32.085  INFO 30884 --- [    Test worker] .s.d.r.c.RepositoryConfigurationDelegate : Finished Spring Data repository scanning in 18ms. Found 2 repository interfaces.
2021-07-12 10:10:32.200  INFO 30884 --- [    Test worker] trationDelegate$BeanPostProcessorChecker : Bean 'org.springframework.transaction.annotation.ProxyTransactionManagementConfiguration' of type [org.springframework.transaction.annotation.ProxyTransactionManagementConfiguration$$EnhancerBySpringCGLIB$$23889227] is not eligible for getting processed by all BeanPostProcessors (for example: not eligible for auto-proxying)
2021-07-12 10:10:32.465  INFO 30884 --- [    Test worker] o.s.b.w.embedded.tomcat.TomcatWebServer  : Tomcat initialized with port(s): 0 (http)
2021-07-12 10:10:32.495  INFO 30884 --- [    Test worker] o.apache.catalina.core.StandardService   : Starting service [Tomcat]
2021-07-12 10:10:32.495  INFO 30884 --- [    Test worker] org.apache.catalina.core.StandardEngine  : Starting Servlet engine: [Apache Tomcat/9.0.26]
2021-07-12 10:10:32.695  INFO 30884 --- [    Test worker] o.a.c.c.C.[Tomcat].[localhost].[/]       : Initializing Spring embedded WebApplicationContext
2021-07-12 10:10:32.695  INFO 30884 --- [    Test worker] o.s.web.context.ContextLoader            : Root WebApplicationContext: initialization completed in 831 ms
2021-07-12 10:10:32.905  INFO 30884 --- [    Test worker] com.zaxxer.hikari.HikariDataSource       : HikariPool-2 - Starting...
2021-07-12 10:10:32.906  INFO 30884 --- [    Test worker] com.zaxxer.hikari.HikariDataSource       : HikariPool-2 - Start completed.
2021-07-12 10:10:32.943  INFO 30884 --- [    Test worker] o.hibernate.jpa.internal.util.LogHelper  : HHH000204: Processing PersistenceUnitInfo [
	name: default
	...]
2021-07-12 10:10:32.952  INFO 30884 --- [    Test worker] org.hibernate.dialect.Dialect            : HHH000400: Using dialect: org.hibernate.dialect.MySQL5InnoDBDialect
Hibernate: drop table if exists posts
Hibernate: drop table if exists user
Hibernate: create table posts (id bigint not null auto_increment, created_date datetime, modified_date datetime, author varchar(255), content TEXT not null, title varchar(500) not null, primary key (id)) engine=InnoDB
Hibernate: create table user (id bigint not null auto_increment, created_date datetime, modified_date datetime, email varchar(255) not null, name varchar(255) not null, picture varchar(255), role varchar(255) not null, primary key (id)) engine=InnoDB
2021-07-12 10:10:33.001  INFO 30884 --- [    Test worker] o.h.t.schema.internal.SchemaCreatorImpl  : HHH000476: Executing import script 'org.hibernate.tool.schema.internal.exec.ScriptSourceInputNonExistentImpl@4c4c231'
2021-07-12 10:10:33.001  INFO 30884 --- [    Test worker] j.LocalContainerEntityManagerFactoryBean : Initialized JPA EntityManagerFactory for persistence unit 'default'
2021-07-12 10:10:33.310  INFO 30884 --- [    Test worker] o.h.h.i.QueryTranslatorFactoryInitiator  : HHH000397: Using ASTQueryTranslatorFactory
2021-07-12 10:10:33.445  INFO 30884 --- [    Test worker] o.s.s.web.DefaultSecurityFilterChain     : Creating filter chain: any request, [org.springframework.security.web.context.request.async.WebAsyncManagerIntegrationFilter@58122cb7, org.springframework.security.web.context.SecurityContextPersistenceFilter@6be89812, org.springframework.security.web.header.HeaderWriterFilter@56e13856, org.springframework.security.web.authentication.logout.LogoutFilter@29f9225b, org.springframework.security.oauth2.client.web.OAuth2AuthorizationRequestRedirectFilter@32c4b836, org.springframework.security.oauth2.client.web.OAuth2LoginAuthenticationFilter@cd267db, org.springframework.security.web.authentication.ui.DefaultLoginPageGeneratingFilter@67e028e, org.springframework.security.web.authentication.ui.DefaultLogoutPageGeneratingFilter@b3a38f6, org.springframework.security.web.savedrequest.RequestCacheAwareFilter@65386ac0, org.springframework.security.web.servletapi.SecurityContextHolderAwareRequestFilter@3a44ddb9, org.springframework.security.web.authentication.AnonymousAuthenticationFilter@1c2834af, org.springframework.security.web.session.SessionManagementFilter@2b7c631, org.springframework.security.web.access.ExceptionTranslationFilter@18d2c19e, org.springframework.security.web.access.intercept.FilterSecurityInterceptor@19a5c27]
2021-07-12 10:10:33.617  INFO 30884 --- [    Test worker] o.s.s.concurrent.ThreadPoolTaskExecutor  : Initializing ExecutorService 'applicationTaskExecutor'
2021-07-12 10:10:33.630  WARN 30884 --- [    Test worker] aWebConfiguration$JpaWebMvcConfiguration : spring.jpa.open-in-view is enabled by default. Therefore, database queries may be performed during view rendering. Explicitly configure spring.jpa.open-in-view to disable this warning
2021-07-12 10:10:33.653  INFO 30884 --- [    Test worker] o.s.b.a.w.s.WelcomePageHandlerMapping    : Adding welcome page template: index
2021-07-12 10:10:33.890  INFO 30884 --- [    Test worker] s.a.ScheduledAnnotationBeanPostProcessor : No TaskScheduler/ScheduledExecutorService bean found for scheduled processing
2021-07-12 10:10:33.910  INFO 30884 --- [    Test worker] o.s.b.w.embedded.tomcat.TomcatWebServer  : Tomcat started on port(s): 53229 (http) with context path ''
2021-07-12 10:10:33.911  INFO 30884 --- [    Test worker] c.c.b.s.web.IndexControllerTest          : Started IndexControllerTest in 2.09 seconds (JVM running for 11.03)
2021-07-12 10:10:34.021  INFO 30884 --- [o-auto-1-exec-1] o.a.c.c.C.[Tomcat].[localhost].[/]       : Initializing Spring DispatcherServlet 'dispatcherServlet'
2021-07-12 10:10:34.021  INFO 30884 --- [o-auto-1-exec-1] o.s.web.servlet.DispatcherServlet        : Initializing Servlet 'dispatcherServlet'
2021-07-12 10:10:34.041  INFO 30884 --- [o-auto-1-exec-1] o.s.web.servlet.DispatcherServlet        : Completed initialization in 20 ms
Hibernate: select posts0_.id as id1_0_, posts0_.created_date as created_2_0_, posts0_.modified_date as modified3_0_, posts0_.author as author4_0_, posts0_.content as content5_0_, posts0_.title as title6_0_ from posts posts0_ order by posts0_.id DESC
]]></system-out>
  <system-err><![CDATA[]]></system-err>
</testsuite>
