<?xml version="1.0" encoding="UTF-8"?>
<testsuite name="com.citizen.book.springboot.HelloControllerTest" tests="2" skipped="0" failures="0" errors="0" timestamp="2021-07-12T01:10:31" hostname="DESKTOP-UU0IAP8" time="0.146">
  <properties/>
  <testcase name="hello가_리턴된다" classname="com.citizen.book.springboot.HelloControllerTest" time="0.067"/>
  <testcase name="helloDto가_리턴된다" classname="com.citizen.book.springboot.HelloControllerTest" time="0.079"/>
  <system-out><![CDATA[2021-07-12 10:10:30.804  INFO 30884 --- [    Test worker] .b.t.a.w.s.WebMvcTestContextBootstrapper : Neither @ContextConfiguration nor @ContextHierarchy found for test class [com.citizen.book.springboot.HelloControllerTest], using SpringBootContextLoader
2021-07-12 10:10:30.805  INFO 30884 --- [    Test worker] o.s.t.c.support.AbstractContextLoader    : Could not detect default resource locations for test class [com.citizen.book.springboot.HelloControllerTest]: no resource found for suffixes {-context.xml, Context.groovy}.
2021-07-12 10:10:30.805  INFO 30884 --- [    Test worker] t.c.s.AnnotationConfigContextLoaderUtils : Could not detect default configuration classes for test class [com.citizen.book.springboot.HelloControllerTest]: HelloControllerTest does not declare any static, non-private, non-final, nested classes annotated with @Configuration.
2021-07-12 10:10:30.828  INFO 30884 --- [    Test worker] .b.t.c.SpringBootTestContextBootstrapper : Found @SpringBootConfiguration com.citizen.book.springboot.Application for test class com.citizen.book.springboot.HelloControllerTest
2021-07-12 10:10:30.828  INFO 30884 --- [    Test worker] .b.t.a.w.s.WebMvcTestContextBootstrapper : Loaded default TestExecutionListener class names from location [META-INF/spring.factories]: [org.springframework.security.test.context.support.WithSecurityContextTestExecutionListener, org.springframework.security.test.context.support.ReactorContextTestExecutionListener, org.springframework.boot.test.autoconfigure.restdocs.RestDocsTestExecutionListener, org.springframework.boot.test.autoconfigure.web.client.MockRestServiceServerResetTestExecutionListener, org.springframework.boot.test.autoconfigure.web.servlet.MockMvcPrintOnlyOnFailureTestExecutionListener, org.springframework.boot.test.autoconfigure.web.servlet.WebDriverTestExecutionListener, org.springframework.boot.test.mock.mockito.MockitoTestExecutionListener, org.springframework.boot.test.mock.mockito.ResetMocksTestExecutionListener, org.springframework.test.context.web.ServletTestExecutionListener, org.springframework.test.context.support.DirtiesContextBeforeModesTestExecutionListener, org.springframework.test.context.support.DependencyInjectionTestExecutionListener, org.springframework.test.context.support.DirtiesContextTestExecutionListener, org.springframework.test.context.transaction.TransactionalTestExecutionListener, org.springframework.test.context.jdbc.SqlScriptsTestExecutionListener]
2021-07-12 10:10:30.829  INFO 30884 --- [    Test worker] .b.t.a.w.s.WebMvcTestContextBootstrapper : Using TestExecutionListeners: [org.springframework.test.context.web.ServletTestExecutionListener@1d2f844b, org.springframework.test.context.support.DirtiesContextBeforeModesTestExecutionListener@482ccb61, org.springframework.boot.test.mock.mockito.MockitoTestExecutionListener@50c13751, org.springframework.boot.test.autoconfigure.SpringBootDependencyInjectionTestExecutionListener@353f94fc, org.springframework.test.context.support.DirtiesContextTestExecutionListener@54d343cc, org.springframework.test.context.transaction.TransactionalTestExecutionListener@7a0aedf4, org.springframework.test.context.jdbc.SqlScriptsTestExecutionListener@2328265b, org.springframework.security.test.context.support.WithSecurityContextTestExecutionListener@6a79ceb6, org.springframework.security.test.context.support.ReactorContextTestExecutionListener@24fa3d16, org.springframework.boot.test.autoconfigure.restdocs.RestDocsTestExecutionListener@9b20130, org.springframework.boot.test.autoconfigure.web.client.MockRestServiceServerResetTestExecutionListener@6bcaf4a3, org.springframework.boot.test.autoconfigure.web.servlet.MockMvcPrintOnlyOnFailureTestExecutionListener@4fe29b12, org.springframework.boot.test.autoconfigure.web.servlet.WebDriverTestExecutionListener@3a851d75, org.springframework.boot.test.mock.mockito.ResetMocksTestExecutionListener@23273094]

  .   ____          _            __ _ _
 /\\ / ___'_ __ _ _(_)_ __  __ _ \ \ \ \
( ( )\___ | '_ | '_| | '_ \/ _` | \ \ \ \
 \\/  ___)| |_)| | | | | || (_| |  ) ) ) )
  '  |____| .__|_| |_|_| |_\__, | / / / /
 =========|_|==============|___/=/_/_/_/
 :: Spring Boot ::        (v2.1.9.RELEASE)

2021-07-12 10:10:30.867  INFO 30884 --- [    Test worker] c.c.book.springboot.HelloControllerTest  : Starting HelloControllerTest on DESKTOP-UU0IAP8 with PID 30884 (started by HEO in D:\private\Study\side-project\springboot-aws-project)
2021-07-12 10:10:30.868  INFO 30884 --- [    Test worker] c.c.book.springboot.HelloControllerTest  : The following profiles are active: oauth
2021-07-12 10:10:31.261  INFO 30884 --- [    Test worker] o.s.s.concurrent.ThreadPoolTaskExecutor  : Initializing ExecutorService 'applicationTaskExecutor'
2021-07-12 10:10:31.290  INFO 30884 --- [    Test worker] o.s.b.a.w.s.WelcomePageHandlerMapping    : Adding welcome page template: index
2021-07-12 10:10:31.478  INFO 30884 --- [    Test worker] .s.s.UserDetailsServiceAutoConfiguration : 

Using generated security password: e5884424-978d-4e86-9235-7d43a1f4c89c

2021-07-12 10:10:31.587  INFO 30884 --- [    Test worker] o.s.s.web.DefaultSecurityFilterChain     : Creating filter chain: any request, [org.springframework.security.web.context.request.async.WebAsyncManagerIntegrationFilter@7a521424, org.springframework.security.web.context.SecurityContextPersistenceFilter@1ce4ba43, org.springframework.security.web.header.HeaderWriterFilter@529ffcb8, org.springframework.security.web.csrf.CsrfFilter@661c0e4c, org.springframework.security.web.authentication.logout.LogoutFilter@650cd9c, org.springframework.security.web.authentication.UsernamePasswordAuthenticationFilter@2efbb85a, org.springframework.security.web.authentication.ui.DefaultLoginPageGeneratingFilter@2845871c, org.springframework.security.web.authentication.ui.DefaultLogoutPageGeneratingFilter@459a088d, org.springframework.security.web.authentication.www.BasicAuthenticationFilter@52d99987, org.springframework.security.web.savedrequest.RequestCacheAwareFilter@6e38ab55, org.springframework.security.web.servletapi.SecurityContextHolderAwareRequestFilter@43efe016, org.springframework.security.web.authentication.AnonymousAuthenticationFilter@5b91b418, org.springframework.security.web.session.SessionManagementFilter@5477f6c9, org.springframework.security.web.access.ExceptionTranslationFilter@2acb1ca6, org.springframework.security.web.access.intercept.FilterSecurityInterceptor@62270b8c]
2021-07-12 10:10:31.617  INFO 30884 --- [    Test worker] o.s.b.t.m.w.SpringBootMockServletContext : Initializing Spring TestDispatcherServlet ''
2021-07-12 10:10:31.617  INFO 30884 --- [    Test worker] o.s.t.web.servlet.TestDispatcherServlet  : Initializing Servlet ''
2021-07-12 10:10:31.628  INFO 30884 --- [    Test worker] o.s.t.web.servlet.TestDispatcherServlet  : Completed initialization in 11 ms
2021-07-12 10:10:31.651  INFO 30884 --- [    Test worker] c.c.book.springboot.HelloControllerTest  : Started HelloControllerTest in 0.821 seconds (JVM running for 8.77)
]]></system-out>
  <system-err><![CDATA[]]></system-err>
</testsuite>
