<?xml version="1.0" encoding="UTF-8"?>
<testsuite name="com.citizen.book.springboot.domain.posts.PostsRepositoryTest" tests="2" skipped="0" failures="0" errors="0" timestamp="2021-07-12T01:10:30" hostname="DESKTOP-UU0IAP8" time="0.266">
  <properties/>
  <testcase name="게시글저장_불러오기" classname="com.citizen.book.springboot.domain.posts.PostsRepositoryTest" time="0.257"/>
  <testcase name="BaseTimeEntity_등록" classname="com.citizen.book.springboot.domain.posts.PostsRepositoryTest" time="0.008"/>
  <system-out><![CDATA[10:10:24.580 [Test worker] DEBUG org.springframework.test.context.junit4.SpringJUnit4ClassRunner - SpringJUnit4ClassRunner constructor called with [class com.citizen.book.springboot.domain.posts.PostsRepositoryTest]
10:10:24.590 [Test worker] DEBUG org.springframework.test.context.BootstrapUtils - Instantiating CacheAwareContextLoaderDelegate from class [org.springframework.test.context.cache.DefaultCacheAwareContextLoaderDelegate]
10:10:24.597 [Test worker] DEBUG org.springframework.test.context.BootstrapUtils - Instantiating BootstrapContext using constructor [public org.springframework.test.context.support.DefaultBootstrapContext(java.lang.Class,org.springframework.test.context.CacheAwareContextLoaderDelegate)]
10:10:24.613 [Test worker] DEBUG org.springframework.test.context.BootstrapUtils - Instantiating TestContextBootstrapper for test class [com.citizen.book.springboot.domain.posts.PostsRepositoryTest] from class [org.springframework.boot.test.context.SpringBootTestContextBootstrapper]
10:10:24.626 [Test worker] INFO org.springframework.boot.test.context.SpringBootTestContextBootstrapper - Neither @ContextConfiguration nor @ContextHierarchy found for test class [com.citizen.book.springboot.domain.posts.PostsRepositoryTest], using SpringBootContextLoader
10:10:24.630 [Test worker] DEBUG org.springframework.test.context.support.AbstractContextLoader - Did not detect default resource location for test class [com.citizen.book.springboot.domain.posts.PostsRepositoryTest]: class path resource [com/citizen/book/springboot/domain/posts/PostsRepositoryTest-context.xml] does not exist
10:10:24.631 [Test worker] DEBUG org.springframework.test.context.support.AbstractContextLoader - Did not detect default resource location for test class [com.citizen.book.springboot.domain.posts.PostsRepositoryTest]: class path resource [com/citizen/book/springboot/domain/posts/PostsRepositoryTestContext.groovy] does not exist
10:10:24.631 [Test worker] INFO org.springframework.test.context.support.AbstractContextLoader - Could not detect default resource locations for test class [com.citizen.book.springboot.domain.posts.PostsRepositoryTest]: no resource found for suffixes {-context.xml, Context.groovy}.
10:10:24.632 [Test worker] INFO org.springframework.test.context.support.AnnotationConfigContextLoaderUtils - Could not detect default configuration classes for test class [com.citizen.book.springboot.domain.posts.PostsRepositoryTest]: PostsRepositoryTest does not declare any static, non-private, non-final, nested classes annotated with @Configuration.
10:10:24.672 [Test worker] DEBUG org.springframework.test.context.support.ActiveProfilesUtils - Could not find an 'annotation declaring class' for annotation type [org.springframework.test.context.ActiveProfiles] and class [com.citizen.book.springboot.domain.posts.PostsRepositoryTest]
10:10:24.773 [Test worker] DEBUG org.springframework.context.annotation.ClassPathScanningCandidateComponentProvider - Identified candidate component class: file [D:\private\Study\side-project\springboot-aws-project\build\classes\java\main\com\citizen\book\springboot\Application.class]
10:10:24.774 [Test worker] INFO org.springframework.boot.test.context.SpringBootTestContextBootstrapper - Found @SpringBootConfiguration com.citizen.book.springboot.Application for test class com.citizen.book.springboot.domain.posts.PostsRepositoryTest
10:10:24.866 [Test worker] DEBUG org.springframework.boot.test.context.SpringBootTestContextBootstrapper - @TestExecutionListeners is not present for class [com.citizen.book.springboot.domain.posts.PostsRepositoryTest]: using defaults.
10:10:24.867 [Test worker] INFO org.springframework.boot.test.context.SpringBootTestContextBootstrapper - Loaded default TestExecutionListener class names from location [META-INF/spring.factories]: [org.springframework.security.test.context.support.WithSecurityContextTestExecutionListener, org.springframework.security.test.context.support.ReactorContextTestExecutionListener, org.springframework.boot.test.autoconfigure.restdocs.RestDocsTestExecutionListener, org.springframework.boot.test.autoconfigure.web.client.MockRestServiceServerResetTestExecutionListener, org.springframework.boot.test.autoconfigure.web.servlet.MockMvcPrintOnlyOnFailureTestExecutionListener, org.springframework.boot.test.autoconfigure.web.servlet.WebDriverTestExecutionListener, org.springframework.boot.test.mock.mockito.MockitoTestExecutionListener, org.springframework.boot.test.mock.mockito.ResetMocksTestExecutionListener, org.springframework.test.context.web.ServletTestExecutionListener, org.springframework.test.context.support.DirtiesContextBeforeModesTestExecutionListener, org.springframework.test.context.support.DependencyInjectionTestExecutionListener, org.springframework.test.context.support.DirtiesContextTestExecutionListener, org.springframework.test.context.transaction.TransactionalTestExecutionListener, org.springframework.test.context.jdbc.SqlScriptsTestExecutionListener]
10:10:24.895 [Test worker] INFO org.springframework.boot.test.context.SpringBootTestContextBootstrapper - Using TestExecutionListeners: [org.springframework.test.context.web.ServletTestExecutionListener@193b9a54, org.springframework.test.context.support.DirtiesContextBeforeModesTestExecutionListener@140ec1aa, org.springframework.boot.test.mock.mockito.MockitoTestExecutionListener@774ae1ed, org.springframework.boot.test.autoconfigure.SpringBootDependencyInjectionTestExecutionListener@18dddffa, org.springframework.test.context.support.DirtiesContextTestExecutionListener@5df11f8f, org.springframework.test.context.transaction.TransactionalTestExecutionListener@3f10860a, org.springframework.test.context.jdbc.SqlScriptsTestExecutionListener@1f755d8c, org.springframework.security.test.context.support.WithSecurityContextTestExecutionListener@69216397, org.springframework.security.test.context.support.ReactorContextTestExecutionListener@3cf9145b, org.springframework.boot.test.autoconfigure.restdocs.RestDocsTestExecutionListener@7e2e518, org.springframework.boot.test.autoconfigure.web.client.MockRestServiceServerResetTestExecutionListener@324e4155, org.springframework.boot.test.autoconfigure.web.servlet.MockMvcPrintOnlyOnFailureTestExecutionListener@5091a150, org.springframework.boot.test.autoconfigure.web.servlet.WebDriverTestExecutionListener@243e2cd5, org.springframework.boot.test.mock.mockito.ResetMocksTestExecutionListener@34e4c76f]
10:10:24.898 [Test worker] DEBUG org.springframework.test.annotation.ProfileValueUtils - Retrieved @ProfileValueSourceConfiguration [null] for test class [com.citizen.book.springboot.domain.posts.PostsRepositoryTest]
10:10:24.898 [Test worker] DEBUG org.springframework.test.annotation.ProfileValueUtils - Retrieved ProfileValueSource type [class org.springframework.test.annotation.SystemProfileValueSource] for class [com.citizen.book.springboot.domain.posts.PostsRepositoryTest]
10:10:24.899 [Test worker] DEBUG org.springframework.test.annotation.ProfileValueUtils - Retrieved @ProfileValueSourceConfiguration [null] for test class [com.citizen.book.springboot.domain.posts.PostsRepositoryTest]
10:10:24.899 [Test worker] DEBUG org.springframework.test.annotation.ProfileValueUtils - Retrieved ProfileValueSource type [class org.springframework.test.annotation.SystemProfileValueSource] for class [com.citizen.book.springboot.domain.posts.PostsRepositoryTest]
10:10:24.903 [Test worker] DEBUG org.springframework.test.context.support.AbstractDirtiesContextTestExecutionListener - Before test class: context [DefaultTestContext@60bfbf08 testClass = PostsRepositoryTest, testInstance = [null], testMethod = [null], testException = [null], mergedContextConfiguration = [WebMergedContextConfiguration@68c4b141 testClass = PostsRepositoryTest, locations = '{}', classes = '{class com.citizen.book.springboot.Application}', contextInitializerClasses = '[]', activeProfiles = '{}', propertySourceLocations = '{}', propertySourceProperties = '{org.springframework.boot.test.context.SpringBootTestContextBootstrapper=true}', contextCustomizers = set[org.springframework.boot.test.autoconfigure.properties.PropertyMappingContextCustomizer@0, org.springframework.boot.test.autoconfigure.web.servlet.WebDriverContextCustomizerFactory$Customizer@4e805dbf, org.springframework.boot.test.context.filter.ExcludeFilterContextCustomizer@3118f789, org.springframework.boot.test.json.DuplicateJsonObjectContextCustomizerFactory$DuplicateJsonObjectContextCustomizer@69548f50, org.springframework.boot.test.mock.mockito.MockitoContextCustomizer@0, org.springframework.boot.test.web.client.TestRestTemplateContextCustomizer@2932e7bc], resourceBasePath = 'src/main/webapp', contextLoader = 'org.springframework.boot.test.context.SpringBootContextLoader', parent = [null]], attributes = map['org.springframework.test.context.web.ServletTestExecutionListener.activateListener' -> true]], class annotated with @DirtiesContext [false] with mode [null].
10:10:24.904 [Test worker] DEBUG org.springframework.test.annotation.ProfileValueUtils - Retrieved @ProfileValueSourceConfiguration [null] for test class [com.citizen.book.springboot.domain.posts.PostsRepositoryTest]
10:10:24.904 [Test worker] DEBUG org.springframework.test.annotation.ProfileValueUtils - Retrieved ProfileValueSource type [class org.springframework.test.annotation.SystemProfileValueSource] for class [com.citizen.book.springboot.domain.posts.PostsRepositoryTest]
10:10:24.920 [Test worker] DEBUG org.springframework.test.context.support.TestPropertySourceUtils - Adding inlined properties to environment: {spring.jmx.enabled=false, org.springframework.boot.test.context.SpringBootTestContextBootstrapper=true, server.port=-1}

  .   ____          _            __ _ _
 /\\ / ___'_ __ _ _(_)_ __  __ _ \ \ \ \
( ( )\___ | '_ | '_| | '_ \/ _` | \ \ \ \
 \\/  ___)| |_)| | | | | || (_| |  ) ) ) )
  '  |____| .__|_| |_|_| |_\__, | / / / /
 =========|_|==============|___/=/_/_/_/
 :: Spring Boot ::        (v2.1.9.RELEASE)

2021-07-12 10:10:25.276  INFO 30884 --- [    Test worker] c.c.b.s.d.posts.PostsRepositoryTest      : Starting PostsRepositoryTest on DESKTOP-UU0IAP8 with PID 30884 (started by HEO in D:\private\Study\side-project\springboot-aws-project)
2021-07-12 10:10:25.276  INFO 30884 --- [    Test worker] c.c.b.s.d.posts.PostsRepositoryTest      : The following profiles are active: oauth
2021-07-12 10:10:26.032  INFO 30884 --- [    Test worker] .s.d.r.c.RepositoryConfigurationDelegate : Bootstrapping Spring Data repositories in DEFAULT mode.
2021-07-12 10:10:26.109  INFO 30884 --- [    Test worker] .s.d.r.c.RepositoryConfigurationDelegate : Finished Spring Data repository scanning in 69ms. Found 2 repository interfaces.
2021-07-12 10:10:26.635  INFO 30884 --- [    Test worker] trationDelegate$BeanPostProcessorChecker : Bean 'org.springframework.transaction.annotation.ProxyTransactionManagementConfiguration' of type [org.springframework.transaction.annotation.ProxyTransactionManagementConfiguration$$EnhancerBySpringCGLIB$$23889227] is not eligible for getting processed by all BeanPostProcessors (for example: not eligible for auto-proxying)
2021-07-12 10:10:26.824  INFO 30884 --- [    Test worker] com.zaxxer.hikari.HikariDataSource       : HikariPool-1 - Starting...
2021-07-12 10:10:26.970  INFO 30884 --- [    Test worker] com.zaxxer.hikari.HikariDataSource       : HikariPool-1 - Start completed.
2021-07-12 10:10:27.057  INFO 30884 --- [    Test worker] o.hibernate.jpa.internal.util.LogHelper  : HHH000204: Processing PersistenceUnitInfo [
	name: default
	...]
2021-07-12 10:10:27.128  INFO 30884 --- [    Test worker] org.hibernate.Version                    : HHH000412: Hibernate Core {5.3.12.Final}
2021-07-12 10:10:27.129  INFO 30884 --- [    Test worker] org.hibernate.cfg.Environment            : HHH000206: hibernate.properties not found
2021-07-12 10:10:27.280  INFO 30884 --- [    Test worker] o.hibernate.annotations.common.Version   : HCANN000001: Hibernate Commons Annotations {5.0.4.Final}
2021-07-12 10:10:27.452  INFO 30884 --- [    Test worker] org.hibernate.dialect.Dialect            : HHH000400: Using dialect: org.hibernate.dialect.MySQL5InnoDBDialect
Hibernate: drop table if exists posts
Hibernate: drop table if exists user
Hibernate: create table posts (id bigint not null auto_increment, created_date datetime, modified_date datetime, author varchar(255), content TEXT not null, title varchar(500) not null, primary key (id)) engine=InnoDB
Hibernate: create table user (id bigint not null auto_increment, created_date datetime, modified_date datetime, email varchar(255) not null, name varchar(255) not null, picture varchar(255), role varchar(255) not null, primary key (id)) engine=InnoDB
2021-07-12 10:10:28.151  INFO 30884 --- [    Test worker] o.h.t.schema.internal.SchemaCreatorImpl  : HHH000476: Executing import script 'org.hibernate.tool.schema.internal.exec.ScriptSourceInputNonExistentImpl@4c4c231'
2021-07-12 10:10:28.154  INFO 30884 --- [    Test worker] j.LocalContainerEntityManagerFactoryBean : Initialized JPA EntityManagerFactory for persistence unit 'default'
2021-07-12 10:10:28.718  INFO 30884 --- [    Test worker] o.h.h.i.QueryTranslatorFactoryInitiator  : HHH000397: Using ASTQueryTranslatorFactory
2021-07-12 10:10:29.344  INFO 30884 --- [    Test worker] o.s.s.web.DefaultSecurityFilterChain     : Creating filter chain: any request, [org.springframework.security.web.context.request.async.WebAsyncManagerIntegrationFilter@9405d26, org.springframework.security.web.context.SecurityContextPersistenceFilter@391bee2e, org.springframework.security.web.header.HeaderWriterFilter@6f589fac, org.springframework.security.web.authentication.logout.LogoutFilter@1f6a2a74, org.springframework.security.oauth2.client.web.OAuth2AuthorizationRequestRedirectFilter@356ea411, org.springframework.security.oauth2.client.web.OAuth2LoginAuthenticationFilter@286a4809, org.springframework.security.web.authentication.ui.DefaultLoginPageGeneratingFilter@7b941d60, org.springframework.security.web.authentication.ui.DefaultLogoutPageGeneratingFilter@79e9f2d, org.springframework.security.web.savedrequest.RequestCacheAwareFilter@7fce38cd, org.springframework.security.web.servletapi.SecurityContextHolderAwareRequestFilter@60c1aeff, org.springframework.security.web.authentication.AnonymousAuthenticationFilter@196a704f, org.springframework.security.web.session.SessionManagementFilter@622ec52e, org.springframework.security.web.access.ExceptionTranslationFilter@1630d733, org.springframework.security.web.access.intercept.FilterSecurityInterceptor@742926eb]
2021-07-12 10:10:29.876  INFO 30884 --- [    Test worker] o.s.s.concurrent.ThreadPoolTaskExecutor  : Initializing ExecutorService 'applicationTaskExecutor'
2021-07-12 10:10:29.931  WARN 30884 --- [    Test worker] aWebConfiguration$JpaWebMvcConfiguration : spring.jpa.open-in-view is enabled by default. Therefore, database queries may be performed during view rendering. Explicitly configure spring.jpa.open-in-view to disable this warning
2021-07-12 10:10:29.977  INFO 30884 --- [    Test worker] o.s.b.a.w.s.WelcomePageHandlerMapping    : Adding welcome page template: index
2021-07-12 10:10:30.499  INFO 30884 --- [    Test worker] s.a.ScheduledAnnotationBeanPostProcessor : No TaskScheduler/ScheduledExecutorService bean found for scheduled processing
2021-07-12 10:10:30.511  INFO 30884 --- [    Test worker] c.c.b.s.d.posts.PostsRepositoryTest      : Started PostsRepositoryTest in 5.583 seconds (JVM running for 7.63)
Hibernate: insert into posts (created_date, modified_date, author, content, title) values (?, ?, ?, ?, ?)
Hibernate: select posts0_.id as id1_0_, posts0_.created_date as created_2_0_, posts0_.modified_date as modified3_0_, posts0_.author as author4_0_, posts0_.content as content5_0_, posts0_.title as title6_0_ from posts posts0_
Hibernate: select posts0_.id as id1_0_, posts0_.created_date as created_2_0_, posts0_.modified_date as modified3_0_, posts0_.author as author4_0_, posts0_.content as content5_0_, posts0_.title as title6_0_ from posts posts0_
Hibernate: delete from posts where id=?
Hibernate: insert into posts (created_date, modified_date, author, content, title) values (?, ?, ?, ?, ?)
Hibernate: select posts0_.id as id1_0_, posts0_.created_date as created_2_0_, posts0_.modified_date as modified3_0_, posts0_.author as author4_0_, posts0_.content as content5_0_, posts0_.title as title6_0_ from posts posts0_
>>>>>>>>> createdDate=2021-07-12T10:10:30.794, modifiedDate=2021-07-12T10:10:30.794
Hibernate: select posts0_.id as id1_0_, posts0_.created_date as created_2_0_, posts0_.modified_date as modified3_0_, posts0_.author as author4_0_, posts0_.content as content5_0_, posts0_.title as title6_0_ from posts posts0_
Hibernate: delete from posts where id=?
]]></system-out>
  <system-err><![CDATA[]]></system-err>
</testsuite>
