<?xml version="1.0" encoding="UTF-8"?>
<testsuite name="com.citizen.book.springboot.domain.posts.PostsRepositoryTest" tests="2" skipped="0" failures="0" errors="0" timestamp="2021-07-12T00:52:41" hostname="DESKTOP-UU0IAP8" time="0.282">
  <properties/>
  <testcase name="게시글저장_불러오기" classname="com.citizen.book.springboot.domain.posts.PostsRepositoryTest" time="0.27"/>
  <testcase name="BaseTimeEntity_등록" classname="com.citizen.book.springboot.domain.posts.PostsRepositoryTest" time="0.012"/>
  <system-out><![CDATA[09:52:34.893 [Test worker] DEBUG org.springframework.test.context.junit4.SpringJUnit4ClassRunner - SpringJUnit4ClassRunner constructor called with [class com.citizen.book.springboot.domain.posts.PostsRepositoryTest]
09:52:34.902 [Test worker] DEBUG org.springframework.test.context.BootstrapUtils - Instantiating CacheAwareContextLoaderDelegate from class [org.springframework.test.context.cache.DefaultCacheAwareContextLoaderDelegate]
09:52:34.909 [Test worker] DEBUG org.springframework.test.context.BootstrapUtils - Instantiating BootstrapContext using constructor [public org.springframework.test.context.support.DefaultBootstrapContext(java.lang.Class,org.springframework.test.context.CacheAwareContextLoaderDelegate)]
09:52:34.927 [Test worker] DEBUG org.springframework.test.context.BootstrapUtils - Instantiating TestContextBootstrapper for test class [com.citizen.book.springboot.domain.posts.PostsRepositoryTest] from class [org.springframework.boot.test.context.SpringBootTestContextBootstrapper]
09:52:34.941 [Test worker] INFO org.springframework.boot.test.context.SpringBootTestContextBootstrapper - Neither @ContextConfiguration nor @ContextHierarchy found for test class [com.citizen.book.springboot.domain.posts.PostsRepositoryTest], using SpringBootContextLoader
09:52:34.945 [Test worker] DEBUG org.springframework.test.context.support.AbstractContextLoader - Did not detect default resource location for test class [com.citizen.book.springboot.domain.posts.PostsRepositoryTest]: class path resource [com/citizen/book/springboot/domain/posts/PostsRepositoryTest-context.xml] does not exist
09:52:34.946 [Test worker] DEBUG org.springframework.test.context.support.AbstractContextLoader - Did not detect default resource location for test class [com.citizen.book.springboot.domain.posts.PostsRepositoryTest]: class path resource [com/citizen/book/springboot/domain/posts/PostsRepositoryTestContext.groovy] does not exist
09:52:34.947 [Test worker] INFO org.springframework.test.context.support.AbstractContextLoader - Could not detect default resource locations for test class [com.citizen.book.springboot.domain.posts.PostsRepositoryTest]: no resource found for suffixes {-context.xml, Context.groovy}.
09:52:34.948 [Test worker] INFO org.springframework.test.context.support.AnnotationConfigContextLoaderUtils - Could not detect default configuration classes for test class [com.citizen.book.springboot.domain.posts.PostsRepositoryTest]: PostsRepositoryTest does not declare any static, non-private, non-final, nested classes annotated with @Configuration.
09:52:34.995 [Test worker] DEBUG org.springframework.test.context.support.ActiveProfilesUtils - Could not find an 'annotation declaring class' for annotation type [org.springframework.test.context.ActiveProfiles] and class [com.citizen.book.springboot.domain.posts.PostsRepositoryTest]
09:52:35.093 [Test worker] DEBUG org.springframework.context.annotation.ClassPathScanningCandidateComponentProvider - Identified candidate component class: file [D:\private\Study\side-project\springboot-aws-project\build\classes\java\main\com\citizen\book\springboot\Application.class]
09:52:35.094 [Test worker] INFO org.springframework.boot.test.context.SpringBootTestContextBootstrapper - Found @SpringBootConfiguration com.citizen.book.springboot.Application for test class com.citizen.book.springboot.domain.posts.PostsRepositoryTest
09:52:35.194 [Test worker] DEBUG org.springframework.boot.test.context.SpringBootTestContextBootstrapper - @TestExecutionListeners is not present for class [com.citizen.book.springboot.domain.posts.PostsRepositoryTest]: using defaults.
09:52:35.195 [Test worker] INFO org.springframework.boot.test.context.SpringBootTestContextBootstrapper - Loaded default TestExecutionListener class names from location [META-INF/spring.factories]: [org.springframework.security.test.context.support.WithSecurityContextTestExecutionListener, org.springframework.security.test.context.support.ReactorContextTestExecutionListener, org.springframework.boot.test.autoconfigure.restdocs.RestDocsTestExecutionListener, org.springframework.boot.test.autoconfigure.web.client.MockRestServiceServerResetTestExecutionListener, org.springframework.boot.test.autoconfigure.web.servlet.MockMvcPrintOnlyOnFailureTestExecutionListener, org.springframework.boot.test.autoconfigure.web.servlet.WebDriverTestExecutionListener, org.springframework.boot.test.mock.mockito.MockitoTestExecutionListener, org.springframework.boot.test.mock.mockito.ResetMocksTestExecutionListener, org.springframework.test.context.web.ServletTestExecutionListener, org.springframework.test.context.support.DirtiesContextBeforeModesTestExecutionListener, org.springframework.test.context.support.DependencyInjectionTestExecutionListener, org.springframework.test.context.support.DirtiesContextTestExecutionListener, org.springframework.test.context.transaction.TransactionalTestExecutionListener, org.springframework.test.context.jdbc.SqlScriptsTestExecutionListener]
09:52:35.223 [Test worker] INFO org.springframework.boot.test.context.SpringBootTestContextBootstrapper - Using TestExecutionListeners: [org.springframework.test.context.web.ServletTestExecutionListener@271cfe5a, org.springframework.test.context.support.DirtiesContextBeforeModesTestExecutionListener@5add6077, org.springframework.boot.test.mock.mockito.MockitoTestExecutionListener@550eb087, org.springframework.boot.test.autoconfigure.SpringBootDependencyInjectionTestExecutionListener@34f0f1b6, org.springframework.test.context.support.DirtiesContextTestExecutionListener@74de275c, org.springframework.test.context.transaction.TransactionalTestExecutionListener@45312f68, org.springframework.test.context.jdbc.SqlScriptsTestExecutionListener@659b25c1, org.springframework.security.test.context.support.WithSecurityContextTestExecutionListener@56d51585, org.springframework.security.test.context.support.ReactorContextTestExecutionListener@53b43cc4, org.springframework.boot.test.autoconfigure.restdocs.RestDocsTestExecutionListener@1f3203b5, org.springframework.boot.test.autoconfigure.web.client.MockRestServiceServerResetTestExecutionListener@233b98bf, org.springframework.boot.test.autoconfigure.web.servlet.MockMvcPrintOnlyOnFailureTestExecutionListener@5dbcc860, org.springframework.boot.test.autoconfigure.web.servlet.WebDriverTestExecutionListener@2f9c8d0f, org.springframework.boot.test.mock.mockito.ResetMocksTestExecutionListener@203c0ce2]
09:52:35.226 [Test worker] DEBUG org.springframework.test.annotation.ProfileValueUtils - Retrieved @ProfileValueSourceConfiguration [null] for test class [com.citizen.book.springboot.domain.posts.PostsRepositoryTest]
09:52:35.226 [Test worker] DEBUG org.springframework.test.annotation.ProfileValueUtils - Retrieved ProfileValueSource type [class org.springframework.test.annotation.SystemProfileValueSource] for class [com.citizen.book.springboot.domain.posts.PostsRepositoryTest]
09:52:35.227 [Test worker] DEBUG org.springframework.test.annotation.ProfileValueUtils - Retrieved @ProfileValueSourceConfiguration [null] for test class [com.citizen.book.springboot.domain.posts.PostsRepositoryTest]
09:52:35.227 [Test worker] DEBUG org.springframework.test.annotation.ProfileValueUtils - Retrieved ProfileValueSource type [class org.springframework.test.annotation.SystemProfileValueSource] for class [com.citizen.book.springboot.domain.posts.PostsRepositoryTest]
09:52:35.231 [Test worker] DEBUG org.springframework.test.context.support.AbstractDirtiesContextTestExecutionListener - Before test class: context [DefaultTestContext@a7023c6 testClass = PostsRepositoryTest, testInstance = [null], testMethod = [null], testException = [null], mergedContextConfiguration = [WebMergedContextConfiguration@303113e6 testClass = PostsRepositoryTest, locations = '{}', classes = '{class com.citizen.book.springboot.Application}', contextInitializerClasses = '[]', activeProfiles = '{}', propertySourceLocations = '{}', propertySourceProperties = '{org.springframework.boot.test.context.SpringBootTestContextBootstrapper=true}', contextCustomizers = set[org.springframework.boot.test.autoconfigure.properties.PropertyMappingContextCustomizer@0, org.springframework.boot.test.autoconfigure.web.servlet.WebDriverContextCustomizerFactory$Customizer@2b6e1781, org.springframework.boot.test.context.filter.ExcludeFilterContextCustomizer@63d85163, org.springframework.boot.test.json.DuplicateJsonObjectContextCustomizerFactory$DuplicateJsonObjectContextCustomizer@417920d4, org.springframework.boot.test.mock.mockito.MockitoContextCustomizer@0, org.springframework.boot.test.web.client.TestRestTemplateContextCustomizer@23b53784], resourceBasePath = 'src/main/webapp', contextLoader = 'org.springframework.boot.test.context.SpringBootContextLoader', parent = [null]], attributes = map['org.springframework.test.context.web.ServletTestExecutionListener.activateListener' -> true]], class annotated with @DirtiesContext [false] with mode [null].
09:52:35.231 [Test worker] DEBUG org.springframework.test.annotation.ProfileValueUtils - Retrieved @ProfileValueSourceConfiguration [null] for test class [com.citizen.book.springboot.domain.posts.PostsRepositoryTest]
09:52:35.232 [Test worker] DEBUG org.springframework.test.annotation.ProfileValueUtils - Retrieved ProfileValueSource type [class org.springframework.test.annotation.SystemProfileValueSource] for class [com.citizen.book.springboot.domain.posts.PostsRepositoryTest]
09:52:35.249 [Test worker] DEBUG org.springframework.test.context.support.TestPropertySourceUtils - Adding inlined properties to environment: {spring.jmx.enabled=false, org.springframework.boot.test.context.SpringBootTestContextBootstrapper=true, server.port=-1}

  .   ____          _            __ _ _
 /\\ / ___'_ __ _ _(_)_ __  __ _ \ \ \ \
( ( )\___ | '_ | '_| | '_ \/ _` | \ \ \ \
 \\/  ___)| |_)| | | | | || (_| |  ) ) ) )
  '  |____| .__|_| |_|_| |_\__, | / / / /
 =========|_|==============|___/=/_/_/_/
 :: Spring Boot ::        (v2.1.9.RELEASE)

2021-07-12 09:52:35.599  INFO 1136 --- [    Test worker] c.c.b.s.d.posts.PostsRepositoryTest      : Starting PostsRepositoryTest on DESKTOP-UU0IAP8 with PID 1136 (started by HEO in D:\private\Study\side-project\springboot-aws-project)
2021-07-12 09:52:35.600  INFO 1136 --- [    Test worker] c.c.b.s.d.posts.PostsRepositoryTest      : The following profiles are active: oauth
2021-07-12 09:52:36.344  INFO 1136 --- [    Test worker] .s.d.r.c.RepositoryConfigurationDelegate : Bootstrapping Spring Data repositories in DEFAULT mode.
2021-07-12 09:52:36.416  INFO 1136 --- [    Test worker] .s.d.r.c.RepositoryConfigurationDelegate : Finished Spring Data repository scanning in 63ms. Found 2 repository interfaces.
2021-07-12 09:52:36.926  INFO 1136 --- [    Test worker] trationDelegate$BeanPostProcessorChecker : Bean 'org.springframework.transaction.annotation.ProxyTransactionManagementConfiguration' of type [org.springframework.transaction.annotation.ProxyTransactionManagementConfiguration$$EnhancerBySpringCGLIB$$ffe4351] is not eligible for getting processed by all BeanPostProcessors (for example: not eligible for auto-proxying)
2021-07-12 09:52:37.111  INFO 1136 --- [    Test worker] com.zaxxer.hikari.HikariDataSource       : HikariPool-1 - Starting...
2021-07-12 09:52:37.261  INFO 1136 --- [    Test worker] com.zaxxer.hikari.HikariDataSource       : HikariPool-1 - Start completed.
2021-07-12 09:52:37.347  INFO 1136 --- [    Test worker] o.hibernate.jpa.internal.util.LogHelper  : HHH000204: Processing PersistenceUnitInfo [
	name: default
	...]
2021-07-12 09:52:37.423  INFO 1136 --- [    Test worker] org.hibernate.Version                    : HHH000412: Hibernate Core {5.3.12.Final}
2021-07-12 09:52:37.424  INFO 1136 --- [    Test worker] org.hibernate.cfg.Environment            : HHH000206: hibernate.properties not found
2021-07-12 09:52:37.583  INFO 1136 --- [    Test worker] o.hibernate.annotations.common.Version   : HCANN000001: Hibernate Commons Annotations {5.0.4.Final}
2021-07-12 09:52:37.766  INFO 1136 --- [    Test worker] org.hibernate.dialect.Dialect            : HHH000400: Using dialect: org.hibernate.dialect.MySQL5InnoDBDialect
Hibernate: drop table if exists posts
Hibernate: drop table if exists user
Hibernate: create table posts (id bigint not null auto_increment, created_date datetime, modified_date datetime, author varchar(255), content TEXT not null, title varchar(500) not null, primary key (id)) engine=InnoDB
Hibernate: create table user (id bigint not null auto_increment, created_date datetime, modified_date datetime, email varchar(255) not null, name varchar(255) not null, picture varchar(255), role varchar(255) not null, primary key (id)) engine=InnoDB
2021-07-12 09:52:38.463  INFO 1136 --- [    Test worker] o.h.t.schema.internal.SchemaCreatorImpl  : HHH000476: Executing import script 'org.hibernate.tool.schema.internal.exec.ScriptSourceInputNonExistentImpl@1c6e26aa'
2021-07-12 09:52:38.469  INFO 1136 --- [    Test worker] j.LocalContainerEntityManagerFactoryBean : Initialized JPA EntityManagerFactory for persistence unit 'default'
2021-07-12 09:52:39.014  INFO 1136 --- [    Test worker] o.h.h.i.QueryTranslatorFactoryInitiator  : HHH000397: Using ASTQueryTranslatorFactory
2021-07-12 09:52:39.749  INFO 1136 --- [    Test worker] o.s.s.web.DefaultSecurityFilterChain     : Creating filter chain: any request, [org.springframework.security.web.context.request.async.WebAsyncManagerIntegrationFilter@f444a7e, org.springframework.security.web.context.SecurityContextPersistenceFilter@42831065, org.springframework.security.web.header.HeaderWriterFilter@72fc2b7, org.springframework.security.web.authentication.logout.LogoutFilter@50c3ec45, org.springframework.security.oauth2.client.web.OAuth2AuthorizationRequestRedirectFilter@710cef0f, org.springframework.security.oauth2.client.web.OAuth2LoginAuthenticationFilter@7f33722f, org.springframework.security.web.authentication.ui.DefaultLoginPageGeneratingFilter@45fd1cde, org.springframework.security.web.authentication.ui.DefaultLogoutPageGeneratingFilter@18f0d683, org.springframework.security.web.savedrequest.RequestCacheAwareFilter@17a8aef9, org.springframework.security.web.servletapi.SecurityContextHolderAwareRequestFilter@4c0b0fa2, org.springframework.security.web.authentication.AnonymousAuthenticationFilter@6e657e85, org.springframework.security.web.session.SessionManagementFilter@7c7ae64e, org.springframework.security.web.access.ExceptionTranslationFilter@10d2810f, org.springframework.security.web.access.intercept.FilterSecurityInterceptor@3bf2c2fd]
2021-07-12 09:52:40.392  INFO 1136 --- [    Test worker] o.s.s.concurrent.ThreadPoolTaskExecutor  : Initializing ExecutorService 'applicationTaskExecutor'
2021-07-12 09:52:40.457  WARN 1136 --- [    Test worker] aWebConfiguration$JpaWebMvcConfiguration : spring.jpa.open-in-view is enabled by default. Therefore, database queries may be performed during view rendering. Explicitly configure spring.jpa.open-in-view to disable this warning
2021-07-12 09:52:40.505  INFO 1136 --- [    Test worker] o.s.b.a.w.s.WelcomePageHandlerMapping    : Adding welcome page template: index
2021-07-12 09:52:41.023  INFO 1136 --- [    Test worker] s.a.ScheduledAnnotationBeanPostProcessor : No TaskScheduler/ScheduledExecutorService bean found for scheduled processing
2021-07-12 09:52:41.036  INFO 1136 --- [    Test worker] c.c.b.s.d.posts.PostsRepositoryTest      : Started PostsRepositoryTest in 5.781 seconds (JVM running for 7.874)
Hibernate: insert into posts (created_date, modified_date, author, content, title) values (?, ?, ?, ?, ?)
Hibernate: select posts0_.id as id1_0_, posts0_.created_date as created_2_0_, posts0_.modified_date as modified3_0_, posts0_.author as author4_0_, posts0_.content as content5_0_, posts0_.title as title6_0_ from posts posts0_
Hibernate: select posts0_.id as id1_0_, posts0_.created_date as created_2_0_, posts0_.modified_date as modified3_0_, posts0_.author as author4_0_, posts0_.content as content5_0_, posts0_.title as title6_0_ from posts posts0_
Hibernate: delete from posts where id=?
Hibernate: insert into posts (created_date, modified_date, author, content, title) values (?, ?, ?, ?, ?)
Hibernate: select posts0_.id as id1_0_, posts0_.created_date as created_2_0_, posts0_.modified_date as modified3_0_, posts0_.author as author4_0_, posts0_.content as content5_0_, posts0_.title as title6_0_ from posts posts0_
>>>>>>>>> createdDate=2021-07-12T09:52:41.329, modifiedDate=2021-07-12T09:52:41.329
Hibernate: select posts0_.id as id1_0_, posts0_.created_date as created_2_0_, posts0_.modified_date as modified3_0_, posts0_.author as author4_0_, posts0_.content as content5_0_, posts0_.title as title6_0_ from posts posts0_
Hibernate: delete from posts where id=?
]]></system-out>
  <system-err><![CDATA[]]></system-err>
</testsuite>
